#
#   d_cfd_post
#   Author: Saang Bum Kim, sbkim1601@gmail.com
#   Date  : 2017-08-25T16:55:40+09:00
#
Angle of attack: 0
C_DLM: 0.114449, -0.100263, 0.068731

#
#   FINE
##
#   d_cfd_post
#   Author: Saang Bum Kim, sbkim1601@gmail.com
#   Date  : 2017-08-25T16:55:40+09:00
#
Angle of attack: 0
C_DLM: 0.114449, -0.100263, 0.068731Angle of attack: 0
C_DLM: 0.121803, 0.078550, 0.110610Angle of attack: 0
C_DLM: 0.115851, -0.276884, 0.027420Angle of attack: 0
C_DLM: 0.138710, 0.252326, 0.150890Angle of attack: 0
C_DLM: 0.124765, -0.440818, -0.011714Angle of attack: 0
C_DLM: 0.165719, 0.408250, 0.183356Angle of attack: 0
C_DLM: 0.140163, -0.581742, -0.046374

#
#   FINE
##
#   d_cfd_post
#   Author: Saang Bum Kim, sbkim1601@gmail.com
#   Date  : 2017-08-25T16:55:40+09:00
#

Angle of attack: 0
C_DLM: 0.114449, -0.100263, 0.068731
Angle of attack: 2
C_DLM: 0.121803, 0.078550, 0.110610
Angle of attack: -2
C_DLM: 0.115851, -0.276884, 0.027420
Angle of attack: 4
C_DLM: 0.138710, 0.252326, 0.150890
Angle of attack: -4
C_DLM: 0.124765, -0.440818, -0.011714
Angle of attack: 6
C_DLM: 0.165719, 0.408250, 0.183356
Angle of attack: -6
C_DLM: 0.140163, -0.581742, -0.046374

#
#   FINE
##
#   d_cfd_post
#   Author: Saang Bum Kim, sbkim1601@gmail.com
#   Date  : 2017-08-25T16:55:40+09:00
#

Angle of attack: 0
C_DLM: 0.000000, 0.000000, 0.000000
Angle of attack: 2
C_DLM: 0.000000, 0.000000, 0.000000
Angle of attack: -2
C_DLM: 0.115851, -0.276884, 0.027420
Angle of attack: 4
C_DLM: 0.114449, -0.100263, 0.068731
Angle of attack: -4
C_DLM: 0.121803, 0.078550, 0.110610
Angle of attack: 6
C_DLM: 0.138710, 0.252326, 0.150890
Angle of attack: -6
C_DLM: 0.165719, 0.408250, 0.183356

C_DLM
0.140163, -0.581742, -0.046374
0.124765, -0.440818, -0.011714
0.115851, -0.276884, 0.027420
0.114449, -0.100263, 0.068731
0.121803, 0.078550, 0.110610
0.138710, 0.252326, 0.150890
0.165719, 0.408250, 0.183356

#
#   FINE
##
#   d_cfd_post
#   Author: Saang Bum Kim, sbkim1601@gmail.com
#   Date  : 2017-08-25T16:55:40+09:00
#

Angle of attack: 0
C_DLM: 0.114449, -0.100263, 0.068731
Angle of attack: 2
C_DLM: 0.121803, 0.078550, 0.110610
Angle of attack: -2
C_DLM: 0.115851, -0.276884, 0.027420
Angle of attack: 4
C_DLM: 0.138710, 0.252326, 0.150890
Angle of attack: -4
C_DLM: 0.124765, -0.440818, -0.011714
Angle of attack: 6
C_DLM: 0.165719, 0.408250, 0.183356
Angle of attack: -6
C_DLM: 0.140163, -0.581742, -0.046374

C_DLM
0.140163, -0.581742, -0.046374
0.124765, -0.440818, -0.011714
0.115851, -0.276884, 0.027420
0.114449, -0.100263, 0.068731
0.121803, 0.078550, 0.110610
0.138710, 0.252326, 0.150890
0.165719, 0.408250, 0.183356

#
#   FINE
##
#   d_cfd_post
#   Author: Saang Bum Kim, sbkim1601@gmail.com
#   Date  : 2017-08-25T16:55:40+09:00
#

Angle of attack: 0
C_DLM: 0.114449, -0.100263, 0.068731
Angle of attack: 2
C_DLM: 0.121803, 0.078550, 0.110610
Angle of attack: -2
C_DLM: 0.115851, -0.276884, 0.027420
Angle of attack: 4
C_DLM: 0.138710, 0.252326, 0.150890
Angle of attack: -4
C_DLM: 0.124765, -0.440818, -0.011714
Angle of attack: 6
C_DLM: 0.165719, 0.408250, 0.183356
Angle of attack: -6
C_DLM: 0.140163, -0.581742, -0.046374

C_DLM
0.140163	-0.581742	-0.046374
0.124765	-0.440818	-0.011714
0.115851	-0.276884	0.027420
0.114449	-0.100263	0.068731
0.121803	0.078550	0.110610
0.138710	0.252326	0.150890
0.165719	0.408250	0.183356

#
#   FINE
##
#   d_cfd_post
#   Author: Saang Bum Kim, sbkim1601@gmail.com
#   Date  : 2017-08-25T16:55:40+09:00
#

Angle of attack: 0
C_DLM: 0.114449, -0.100263, -0.068731
Angle of attack: 2
C_DLM: 0.121803, 0.078550, -0.110610
Angle of attack: -2
C_DLM: 0.115851, -0.276884, -0.027420
Angle of attack: 4
C_DLM: 0.138710, 0.252326, -0.150890
Angle of attack: -4
C_DLM: 0.124765, -0.440818, 0.011714
Angle of attack: 6
C_DLM: 0.165719, 0.408250, -0.183356
Angle of attack: -6
C_DLM: 0.140163, -0.581742, 0.046374

C_DLM
0.140163	-0.581742	0.046374
0.124765	-0.440818	0.011714
0.115851	-0.276884	-0.027420
0.114449	-0.100263	-0.068731
0.121803	0.078550	-0.110610
0.138710	0.252326	-0.150890
0.165719	0.408250	-0.183356

#
#   FINE
#