#
#   d_openFoam
#   Author: Saang Bum Kim, sbkim1601@gmail.com
#   Date  : 2017-08-25T16:55:40+09:00
#

B & D: 0.303 m, 0.025 m
nu: 0.002564

Re: 195.000000
U_mu: 1.65 m/s, 20 m/s
U_F: 0.0207 m/s, 0.25 m/s

Re: 1.180e+03 9.750e+01
U_mu: 10.000000 m/s
U_F: 0.125000 m/s

Re: 9.438e+05 7.800e+04
U_mu: 8000.000000 m/s
U_F: 100.000000 m/s

#   Turbulence

Turbulence intensity: 0.05 0.05 0.05
Turbulence length scale [m]: 0.021175 0.001750

U_mu: 5.000000 m/s
sig_U [m/s]: 0.25 0.25 0.25
k: 0.093750
epsilon: 0.222749 2.695261
omega: 26.399858 319.438282
nu_t: 0.006483 0.000536
nu_t: 0.003551 0.000293
nu_tilda: 0.017756 0.001467
d_t [s]: 0.000499695
T_f [s]: 0.060500 0.005000
n_int: 12 1
T_vor [s]: 3.025e-01 2.500e-02
n_vor: 605 50

U_mu: 10.000000 m/s
sig_U [m/s]: 0.5 0.5 0.5
k: 0.375000
epsilon: 1.781990 21.562084
omega: 52.799716 638.876565
nu_t: 0.012967 0.001072
nu_t: 0.007102 0.000587
nu_tilda: 0.035512 0.002935
d_t [s]: 0.000249848
T_f [s]: 0.030250 0.002500
n_int: 12 1
T_vor [s]: 1.513e-01 1.250e-02
n_vor: 605 50

U_mu: 8000.000000 m/s
sig_U [m/s]: 400.0 400.0 400.0
k: 240000.000000
epsilon: 912379094.477479 11039787043.198961
omega: 42239.772892 511101.252000
nu_t: 10.373589 0.857321
nu_t: 5.681849 0.469574
nu_tilda: 28.409244 2.347871
d_t [s]: 3.1231e-07
T_f [s]: 0.000038 0.000003
n_int: 12 1
T_vor [s]: 1.891e-04 1.563e-05
n_vor: 605 50

#
#   FINE
#