chalmers

docker
    sudo apt-get update
    sudo apt-get install \
        apt-transport-https \
        ca-certificates \
        curl \
        gnupg-agent \
        software-properties-common
    curl -fsSL https://download.docker.com/linux/ubuntu/gpg | sudo apt-key add -
    sudo apt-key fingerprint 0EBFCD88
    sudo add-apt-repository \
        "deb [arch=amd64] https://download.docker.com/linux/ubuntu \
        $(lsb_release -cs) \
        stable"
    sudo apt-get update
    sudo apt-get install docker-ce docker-ce-cli containerd.io
#    apt-cache madison docker-ce
    sudo docker run hello-world

    sudo groupadd docker
    sudo usermod -aG docker ${USER}
#    su -s ${USER}
    newgrp docker

id
docker info

chmod +x installOpenFOAM
./installOpenFOAM
chmod +x startOpenFOAM
./startOpenFOAM
. .bashrc

    User Guide
    Tutorials Guide
    Programmer’s Guide

mkdir -p $FOAM_RUN
run
cp -r $FOAM_TUTORIALS/incompressible/icoFoam/cavity/cavity .
cd cavity
blockMesh
icoFoam











